##################################################################################

Conincident table (loacl dofs to global dofs
[[1. 2. 3. 4. 5. 6.]] 

##################################################################################

Element 1
Rotation angle: 0.0
[[ 1.05e+06  0.00e+00  0.00e+00 -1.05e+06  0.00e+00  0.00e+00]
 [ 0.00e+00  1.05e+04  5.25e+06  0.00e+00 -1.05e+04  5.25e+06]
 [ 0.00e+00  5.25e+06  3.50e+09  0.00e+00 -5.25e+06  1.75e+09]
 [-1.05e+06  0.00e+00  0.00e+00  1.05e+06  0.00e+00  0.00e+00]
 [ 0.00e+00 -1.05e+04  5.25e+06  0.00e+00  1.05e+04 -5.25e+06]
 [ 0.00e+00 -5.25e+06  1.75e+09  0.00e+00 -5.25e+06  3.50e+09]] 

dof
global:  [0, 1, 2, 3, 4, 5]
local:   [0, 1, 2, 3, 4, 5] 

##################################################################################

Force vector
[[    0.]
 [    0.]
 [    0.]
 [    0.]
 [-1000.]
 [    0.]] 

##################################################################################

Fixed dofs
[1 2 3] 

Free dofs
[4 5 6] 

##################################################################################

Force vector for free dofs
[[    0.]
 [-1000.]
 [    0.]] 

##################################################################################

Displacement vector
[[0.]
 [0.]
 [0.]
 [0.]
 [0.]
 [0.]] 

##################################################################################

Displacement vector for fixed dofs
[[0.]
 [0.]
 [0.]] 

##################################################################################

Reduced stiffness matrix for free dofs
[[ 1.05e+06  0.00e+00  0.00e+00]
 [ 0.00e+00  1.05e+04 -5.25e+06]
 [ 0.00e+00 -5.25e+06  3.50e+09]] 

Reduced stiffness matrix for fixed dofs
[[-1.05e+06  0.00e+00  0.00e+00]
 [ 0.00e+00 -1.05e+04  5.25e+06]
 [ 0.00e+00 -5.25e+06  1.75e+09]] 

##################################################################################

[[    0.]
 [-1000.]
 [    0.]] 

##################################################################################

Determinant of stiffness matrix K
9.646875001543567e+18 

Displacement vector for free dofs
[[ 0.        ]
 [-0.38095238]
 [-0.00057143]] 

##################################################################################

Solved displacement vector
[[ 0.        ]
 [ 0.        ]
 [ 0.        ]
 [ 0.        ]
 [-0.38095238]
 [-0.00057143]] 

##################################################################################

Reaction forces
[[ 0.00000000e+00]
 [ 1.00000000e+03]
 [ 1.00000000e+06]
 [ 0.00000000e+00]
 [-1.00000000e+03]
 [ 2.46761163e-12]] 

##################################################################################

Strains E11
[[-2.85714286e-05  2.85714286e-05]] 

Stresses S11
[[-6.  6.]] 

