##################################################################################

Conincident table (loacl dofs to global dofs
[[1. 2. 3. 4. 5. 6.]] 

##################################################################################

Element 1
Rotation angle: 0.0
[[ 1.05e+04  0.00e+00  0.00e+00 -1.05e+04  0.00e+00  0.00e+00]
 [ 0.00e+00  5.04e+00  2.52e+03  0.00e+00 -5.04e+00  2.52e+03]
 [ 0.00e+00  2.52e+03  1.68e+06  0.00e+00 -2.52e+03  8.40e+05]
 [-1.05e+04  0.00e+00  0.00e+00  1.05e+04  0.00e+00  0.00e+00]
 [ 0.00e+00 -5.04e+00  2.52e+03  0.00e+00  5.04e+00 -2.52e+03]
 [ 0.00e+00 -2.52e+03  8.40e+05  0.00e+00 -2.52e+03  1.68e+06]] 

dof
global:  [0, 1, 2, 3, 4, 5]
local:   [0, 1, 2, 3, 4, 5] 

##################################################################################

Force vector
[[    0.]
 [    0.]
 [    0.]
 [-1000.]
 [    0.]
 [    0.]] 

##################################################################################

Fixed dofs
[1 2 3] 

Free dofs
[4 5 6] 

##################################################################################

Force vector for free dofs
[[-1000.]
 [    0.]
 [    0.]] 

##################################################################################

Displacement vector
[[0.]
 [0.]
 [0.]
 [0.]
 [0.]
 [0.]] 

##################################################################################

Displacement vector for fixed dofs
[[0.]
 [0.]
 [0.]] 

##################################################################################

Reduced stiffness matrix for free dofs
[[ 1.05e+04  0.00e+00  0.00e+00]
 [ 0.00e+00  5.04e+00 -2.52e+03]
 [ 0.00e+00 -2.52e+03  1.68e+06]] 

Reduced stiffness matrix for fixed dofs
[[-1.05e+04  0.00e+00  0.00e+00]
 [ 0.00e+00 -5.04e+00  2.52e+03]
 [ 0.00e+00 -2.52e+03  8.40e+05]] 

##################################################################################

[[-1000.]
 [    0.]
 [    0.]] 

##################################################################################

Determinant of stiffness matrix K
22226400000.000008 

Displacement vector for free dofs
[[-0.0952381]
 [-0.       ]
 [ 0.       ]] 

##################################################################################

Solved displacement vector
[[ 0.       ]
 [ 0.       ]
 [ 0.       ]
 [-0.0952381]
 [-0.       ]
 [ 0.       ]] 

##################################################################################

Reaction forces
[[ 1000.]
 [    0.]
 [    0.]
 [-1000.]
 [    0.]
 [    0.]] 

##################################################################################

Strains E11
[[-9.52380952e-05]] 

Stresses S11
[[-20.]] 

